TN:
SF:app.js
FN:31,(anonymous_0)
FN:36,(anonymous_1)
FNF:2
FNH:2
FNDA:2,(anonymous_0)
FNDA:35,(anonymous_1)
DA:5,4
DA:6,4
DA:8,4
DA:10,4
DA:11,4
DA:12,4
DA:13,4
DA:15,4
DA:17,4
DA:20,4
DA:21,4
DA:22,4
DA:23,4
DA:25,4
DA:26,4
DA:27,4
DA:31,4
DA:32,2
DA:36,4
DA:37,35
DA:40,35
DA:42,35
DA:47,4
LF:23
LH:23
BRDA:37,0,0,1
BRDA:37,0,1,34
BRF:2
BRH:2
end_of_record
TN:
SF:config.js
FN:13,getDatabaseUri
FNF:1
FNH:1
FNDA:10,getDatabaseUri
DA:5,9
DA:6,9
DA:8,9
DA:10,9
DA:14,10
DA:21,9
DA:23,9
DA:24,1
DA:34,9
LF:9
LH:9
BRDA:8,0,0,9
BRDA:8,0,1,8
BRDA:10,1,0,9
BRDA:10,1,1,8
BRDA:14,2,0,7
BRDA:14,2,1,3
BRDA:16,3,0,3
BRDA:16,3,1,1
BRDA:21,4,0,8
BRDA:21,4,1,1
BRDA:23,5,0,1
BRDA:23,5,1,8
BRF:12
BRH:12
end_of_record
TN:
SF:db.js
FN:14,connectDb
FNF:1
FNH:1
FNDA:6,connectDb
DA:5,6
DA:6,6
DA:8,6
DA:10,6
DA:16,6
DA:17,6
DA:18,6
DA:19,6
DA:25,6
DA:27,6
LF:10
LH:10
BRF:0
BRH:0
end_of_record
TN:
SF:expressError.js
FN:10,(anonymous_0)
FN:20,(anonymous_1)
FN:28,(anonymous_2)
FN:36,(anonymous_3)
FN:44,(anonymous_4)
FNF:5
FNH:4
FNDA:52,(anonymous_0)
FNDA:14,(anonymous_1)
FNDA:19,(anonymous_2)
FNDA:19,(anonymous_3)
FNDA:0,(anonymous_4)
DA:11,52
DA:12,52
DA:13,52
DA:21,14
DA:29,19
DA:37,19
DA:45,0
DA:49,8
LF:8
LH:7
BRDA:20,0,0,2
BRDA:28,1,0,15
BRDA:36,2,0,0
BRDA:44,3,0,0
BRF:4
BRH:2
end_of_record
TN:
SF:helpers/sql.js
FN:12,sqlForPartialUpdate
FN:18,(anonymous_1)
FNF:2
FNH:2
FNDA:17,sqlForPartialUpdate
FNDA:29,(anonymous_1)
DA:3,7
DA:13,17
DA:14,17
DA:18,14
DA:19,29
DA:23,14
DA:29,7
LF:7
LH:7
BRDA:14,0,0,3
BRDA:14,0,1,14
BRDA:19,1,0,29
BRDA:19,1,1,13
BRF:4
BRH:4
end_of_record
TN:
SF:helpers/tokens.js
FN:8,createToken
FNF:1
FNH:1
FNDA:11,createToken
DA:3,5
DA:4,5
DA:9,11
DA:14,11
DA:17,5
LF:5
LH:5
BRF:0
BRH:0
end_of_record
TN:
SF:middleware/auth.js
FN:18,authenticateJWT
FN:38,ensureLoggedIn
FN:49,ensureAdmin
FN:60,ensureCorrectUser
FNF:4
FNH:4
FNDA:55,authenticateJWT
FNDA:18,ensureLoggedIn
FNDA:33,ensureAdmin
FNDA:13,ensureCorrectUser
DA:5,5
DA:6,5
DA:7,5
DA:19,55
DA:20,55
DA:21,30
DA:23,30
DA:24,30
DA:29,55
DA:39,18
DA:40,18
DA:41,6
DA:50,33
DA:51,33
DA:52,9
DA:61,13
DA:62,13
DA:63,13
DA:71,13
DA:72,13
DA:73,13
DA:76,5
LF:22
LH:22
BRDA:20,0,0,30
BRDA:20,0,1,25
BRDA:40,1,0,12
BRDA:40,1,1,6
BRDA:51,2,0,24
BRDA:51,2,1,9
BRDA:51,3,0,33
BRDA:51,3,1,13
BRF:8
BRH:8
end_of_record
TN:
SF:models/_testCommon.js
FN:8,commonBeforeAll
FN:34,commonBeforeEach
FN:38,commonAfterEach
FN:42,commonAfterAll
FNF:4
FNH:4
FNDA:2,commonBeforeAll
FNDA:29,commonBeforeEach
FNDA:29,commonAfterEach
FNDA:2,commonAfterAll
DA:3,2
DA:5,2
DA:6,2
DA:10,2
DA:12,2
DA:14,2
DA:20,2
DA:35,29
DA:39,29
DA:43,2
DA:47,2
LF:11
LH:11
BRF:0
BRH:0
end_of_record
TN:
SF:models/company.js
FN:19,(anonymous_0)
FN:59,(anonymous_1)
FN:93,(anonymous_2)
FN:95,(anonymous_3)
FN:164,(anonymous_4)
FN:193,(anonymous_5)
FN:225,(anonymous_6)
FNF:7
FNH:7
FNDA:13,(anonymous_0)
FNDA:6,(anonymous_1)
FNDA:5,(anonymous_2)
FNDA:7,(anonymous_3)
FNDA:5,(anonymous_4)
FNDA:6,(anonymous_5)
FNDA:4,(anonymous_6)
DA:3,5
DA:4,5
DA:5,5
DA:20,13
DA:25,13
DA:26,1
DA:28,12
DA:48,12
DA:50,12
DA:62,6
DA:63,1
DA:65,5
DA:67,5
DA:71,5
DA:76,5
DA:78,5
DA:81,5
DA:95,5
DA:96,7
DA:97,2
DA:98,5
DA:99,3
DA:100,2
DA:101,2
DA:102,2
DA:106,5
DA:107,2
DA:110,5
DA:111,5
DA:112,3
DA:116,5
DA:165,5
DA:174,5
DA:176,5
DA:178,3
DA:194,6
DA:200,5
DA:202,5
DA:212,5
DA:213,5
DA:215,5
DA:217,3
DA:226,4
DA:231,4
DA:233,4
DA:238,5
LF:46
LH:46
BRDA:25,0,0,1
BRDA:25,0,1,12
BRDA:59,1,0,0
BRDA:62,2,0,1
BRDA:62,2,1,5
BRDA:96,3,0,2
BRDA:96,3,1,5
BRDA:98,4,0,3
BRDA:98,4,1,2
BRDA:100,5,0,2
BRDA:100,5,1,0
BRDA:106,6,0,2
BRDA:106,6,1,3
BRDA:111,7,0,3
BRDA:111,7,1,2
BRDA:176,8,0,2
BRDA:176,8,1,3
BRDA:215,9,0,2
BRDA:215,9,1,3
BRDA:233,10,0,2
BRDA:233,10,1,2
BRF:21
BRH:19
end_of_record
TN:
SF:models/user.js
FN:24,(anonymous_0)
FN:58,(anonymous_1)
FN:106,(anonymous_2)
FN:128,(anonymous_3)
FN:163,(anonymous_4)
FN:197,(anonymous_5)
FNF:6
FNH:6
FNDA:7,(anonymous_0)
FNDA:17,(anonymous_1)
FNDA:2,(anonymous_2)
FNDA:5,(anonymous_3)
FNDA:8,(anonymous_4)
FNDA:5,(anonymous_5)
DA:3,5
DA:4,5
DA:5,5
DA:10,5
DA:12,5
DA:26,7
DA:37,7
DA:39,7
DA:41,4
DA:42,4
DA:43,3
DA:44,3
DA:48,4
DA:60,17
DA:66,17
DA:67,1
DA:70,16
DA:72,16
DA:96,16
DA:98,16
DA:107,2
DA:117,2
DA:129,5
DA:139,5
DA:141,5
DA:143,3
DA:164,8
DA:165,2
DA:168,8
DA:175,7
DA:177,7
DA:186,7
DA:187,7
DA:189,7
DA:191,5
DA:192,5
DA:198,5
DA:204,5
DA:206,5
DA:211,5
LF:40
LH:40
BRDA:39,0,0,4
BRDA:39,0,1,3
BRDA:42,1,0,3
BRDA:42,1,1,1
BRDA:66,2,0,1
BRDA:66,2,1,16
BRDA:141,3,0,2
BRDA:141,3,1,3
BRDA:164,4,0,2
BRDA:164,4,1,6
BRDA:189,5,0,2
BRDA:189,5,1,5
BRDA:206,6,0,2
BRDA:206,6,1,3
BRF:14
BRH:14
end_of_record
TN:
SF:routes/_testCommon.js
FN:8,commonBeforeAll
FN:73,commonBeforeEach
FN:77,commonAfterEach
FN:81,commonAfterAll
FNF:4
FNH:4
FNDA:3,commonBeforeAll
FNDA:50,commonBeforeEach
FNDA:50,commonAfterEach
FNDA:3,commonAfterAll
DA:3,3
DA:4,3
DA:5,3
DA:6,3
DA:10,3
DA:12,3
DA:14,3
DA:22,3
DA:30,3
DA:39,3
DA:47,3
DA:55,3
DA:63,3
DA:74,50
DA:78,50
DA:82,3
DA:86,3
DA:87,3
DA:90,3
LF:19
LH:19
BRF:0
BRH:0
end_of_record
TN:
SF:routes/auth.js
FN:24,(anonymous_0)
FN:31,(anonymous_1)
FN:52,(anonymous_2)
FN:59,(anonymous_3)
FNF:4
FNH:4
FNDA:5,(anonymous_0)
FNDA:2,(anonymous_1)
FNDA:3,(anonymous_2)
FNDA:5,(anonymous_3)
DA:5,4
DA:7,4
DA:8,4
DA:9,4
DA:10,4
DA:11,4
DA:12,4
DA:13,4
DA:24,4
DA:25,5
DA:30,5
DA:31,2
DA:32,2
DA:35,3
DA:36,3
DA:37,1
DA:38,1
DA:52,4
DA:53,3
DA:58,3
DA:59,5
DA:60,2
DA:63,1
DA:64,1
DA:65,1
DA:69,4
LF:26
LH:26
BRDA:30,0,0,2
BRDA:30,0,1,3
BRDA:58,1,0,2
BRDA:58,1,1,1
BRF:4
BRH:4
end_of_record
TN:
SF:routes/companies.js
FN:28,(anonymous_0)
FN:35,(anonymous_1)
FN:55,(anonymous_2)
FN:72,(anonymous_3)
FN:89,(anonymous_4)
FN:105,(anonymous_5)
FN:112,(anonymous_6)
FN:125,(anonymous_7)
FNF:8
FNH:8
FNDA:3,(anonymous_0)
FNDA:3,(anonymous_1)
FNDA:4,(anonymous_2)
FNDA:2,(anonymous_3)
FNDA:3,(anonymous_4)
FNDA:4,(anonymous_5)
FNDA:2,(anonymous_6)
FNDA:2,(anonymous_7)
DA:5,4
DA:6,4
DA:8,4
DA:9,4
DA:10,4
DA:12,4
DA:13,4
DA:14,4
DA:16,4
DA:28,4
DA:29,3
DA:34,3
DA:35,3
DA:36,2
DA:39,1
DA:40,1
DA:55,4
DA:57,4
DA:58,4
DA:59,3
DA:61,4
DA:62,2
DA:65,4
DA:71,4
DA:72,2
DA:73,2
DA:76,2
DA:78,2
DA:89,4
DA:90,3
DA:91,2
DA:105,4
DA:106,4
DA:111,4
DA:112,2
DA:113,2
DA:116,2
DA:117,1
DA:125,4
DA:126,2
DA:127,1
DA:131,4
LF:42
LH:42
BRDA:34,0,0,2
BRDA:34,0,1,1
BRDA:58,1,0,3
BRDA:58,1,1,1
BRDA:61,2,0,2
BRDA:61,2,1,2
BRDA:71,3,0,2
BRDA:71,3,1,2
BRDA:111,4,0,2
BRDA:111,4,1,2
BRF:10
BRH:10
end_of_record
TN:
SF:routes/users.js
FN:30,(anonymous_0)
FN:37,(anonymous_1)
FN:54,(anonymous_2)
FN:68,(anonymous_3)
FN:84,(anonymous_4)
FN:91,(anonymous_5)
FN:106,(anonymous_6)
FNF:7
FNH:7
FNDA:2,(anonymous_0)
FNDA:5,(anonymous_1)
FNDA:1,(anonymous_2)
FNDA:3,(anonymous_3)
FNDA:5,(anonymous_4)
FNDA:1,(anonymous_5)
FNDA:3,(anonymous_6)
DA:5,4
DA:7,4
DA:8,4
DA:9,4
DA:10,4
DA:11,4
DA:12,4
DA:13,4
DA:15,4
DA:30,4
DA:31,2
DA:36,2
DA:37,5
DA:38,2
DA:41,0
DA:42,0
DA:43,0
DA:54,4
DA:55,1
DA:56,1
DA:68,4
DA:69,3
DA:70,2
DA:84,4
DA:85,5
DA:90,5
DA:91,1
DA:92,1
DA:95,4
DA:96,3
DA:106,4
DA:107,3
DA:108,2
DA:112,4
LF:34
LH:31
BRDA:36,0,0,2
BRDA:36,0,1,0
BRDA:90,1,0,1
BRDA:90,1,1,4
BRF:4
BRH:3
end_of_record
